info: Microsoft.EntityFrameworkCore.Database.Command[20101]
      Executed DbCommand (29ms) [Parameters=[], CommandType='Text', CommandTimeout='30']
      SELECT 1
info: Microsoft.EntityFrameworkCore.Database.Command[20101]
      Executed DbCommand (2ms) [Parameters=[], CommandType='Text', CommandTimeout='30']
      SELECT 1
info: Microsoft.EntityFrameworkCore.Migrations[20411]
      Acquiring an exclusive lock for migration application. See https://aka.ms/efcore-docs-migrations-lock for more information if this takes too long.
info: Microsoft.EntityFrameworkCore.Database.Command[20101]
      Executed DbCommand (48ms) [Parameters=[], CommandType='Text', CommandTimeout='30']
      DECLARE @result int;
      EXEC @result = sp_getapplock @Resource = '__EFMigrationsLock', @LockOwner = 'Session', @LockMode = 'Exclusive';
      SELECT @result
info: Microsoft.EntityFrameworkCore.Database.Command[20101]
      Executed DbCommand (24ms) [Parameters=[], CommandType='Text', CommandTimeout='30']
      IF OBJECT_ID(N'[__EFMigrationsHistory]') IS NULL
      BEGIN
          CREATE TABLE [__EFMigrationsHistory] (
              [MigrationId] nvarchar(150) NOT NULL,
              [ProductVersion] nvarchar(32) NOT NULL,
              CONSTRAINT [PK___EFMigrationsHistory] PRIMARY KEY ([MigrationId])
          );
      END;
info: Microsoft.EntityFrameworkCore.Database.Command[20101]
      Executed DbCommand (1ms) [Parameters=[], CommandType='Text', CommandTimeout='30']
      SELECT 1
info: Microsoft.EntityFrameworkCore.Database.Command[20101]
      Executed DbCommand (1ms) [Parameters=[], CommandType='Text', CommandTimeout='30']
      SELECT OBJECT_ID(N'[__EFMigrationsHistory]');
info: Microsoft.EntityFrameworkCore.Database.Command[20101]
      Executed DbCommand (27ms) [Parameters=[], CommandType='Text', CommandTimeout='30']
      SELECT [MigrationId], [ProductVersion]
      FROM [__EFMigrationsHistory]
      ORDER BY [MigrationId];
info: Microsoft.EntityFrameworkCore.Migrations[20405]
      No migrations were applied. The database is already up to date.
info: Microsoft.EntityFrameworkCore.Database.Command[20101]
      Executed DbCommand (7ms) [Parameters=[], CommandType='Text', CommandTimeout='30']
      DECLARE @result int;
      EXEC @result = sp_releaseapplock @Resource = '__EFMigrationsLock', @LockOwner = 'Session';
      SELECT @result
info: Program[0]
      Database migrated successfully.
info: Hangfire.SqlServer.SqlServerObjectsInstaller[0]
      Start installing Hangfire SQL objects...
info: Hangfire.SqlServer.SqlServerObjectsInstaller[0]
      Hangfire SQL objects installed.
warn: Microsoft.AspNetCore.StaticFiles.StaticFileMiddleware[16]
      The WebRootPath was not found: C:\inetpub\wwwroot\TaskManagementOdecci\wwwroot. Static files may be unavailable.
info: Hangfire.BackgroundJobServer[0]
      Starting Hangfire Server using job storage: 'SQL Server: localhost\SQLEXPRESS02@TaskManagementDb'
info: Hangfire.BackgroundJobServer[0]
      Using the following options for SQL Server job storage: Queue poll interval: 00:00:00.
info: Hangfire.BackgroundJobServer[0]
      Using the following options for Hangfire Server:
          Worker count: 20
          Listening queues: 'default'
          Shutdown timeout: 00:00:15
          Schedule polling interval: 00:00:15
info: Microsoft.Hosting.Lifetime[0]
      Application started. Press Ctrl+C to shut down.
info: Microsoft.Hosting.Lifetime[0]
      Hosting environment: Production
info: Microsoft.Hosting.Lifetime[0]
      Content root path: C:\inetpub\wwwroot\TaskManagementOdecci
info: Hangfire.Server.BackgroundServerProcess[0]
      Server laptop-k696tcef:5912:42900211 successfully announced in 66.5413 ms
info: Hangfire.Server.BackgroundServerProcess[0]
      Server laptop-k696tcef:5912:42900211 is starting the registered dispatchers: ServerWatchdog, ServerJobCancellationWatcher, SqlServerHeartbeatProcess, ExpirationManager, CountersAggregator, Worker, DelayedJobScheduler, RecurringJobScheduler...
info: Hangfire.Server.BackgroundServerProcess[0]
      Server laptop-k696tcef:5912:42900211 all the dispatchers started
warn: Microsoft.AspNetCore.HttpsPolicy.HttpsRedirectionMiddleware[3]
      Failed to determine the https port for redirect.
info: Microsoft.EntityFrameworkCore.Database.Command[20101]
      Executed DbCommand (194ms) [Parameters=[@__now_0='?' (DbType = DateTime2), @__warningWindow_1='?' (DbType = DateTime2)], CommandType='Text', CommandTimeout='30']
      SELECT [t].[Id], [t].[Title], [t].[DueDate], [p].[Name], [p].[Id], [s].[AccountId], [s].[Name], [s].[Email], [s].[Id], [s].[Id0]
      FROM [Tasks] AS [t]
      INNER JOIN [Projects] AS [p] ON [t].[ProjectId] = [p].[Id]
      LEFT JOIN (
          SELECT [t0].[AccountId], [a].[Name], [a].[Email], [t0].[Id], [a].[Id] AS [Id0], [t0].[TaskId]
          FROM [TaskAssignments] AS [t0]
          INNER JOIN [Accounts] AS [a] ON [t0].[AccountId] = [a].[Id]
          WHERE [t0].[IsDeleted] = CAST(0 AS bit)
      ) AS [s] ON [t].[Id] = [s].[TaskId]
      WHERE [t].[IsDeleted] = CAST(0 AS bit) AND [t].[DueDate] IS NOT NULL AND [t].[DueDate] > @__now_0 AND [t].[DueDate] <= @__warningWindow_1 AND [t].[StatusId] <> 4 AND [t].[IsWarningEmailSent] = CAST(0 AS bit)
      ORDER BY [t].[Id], [p].[Id], [s].[Id]
info: Microsoft.EntityFrameworkCore.Database.Command[20101]
      Executed DbCommand (7ms) [Parameters=[@__p_0='?' (DbType = Int32)], CommandType='Text', CommandTimeout='30']
      SELECT TOP(1) [t].[Id], [t].[CreatedAt], [t].[CreatorId], [t].[Description], [t].[DueDate], [t].[IsDeleted], [t].[IsWarningEmailSent], [t].[ParentTaskId], [t].[PriorityId], [t].[ProjectId], [t].[StartDate], [t].[StatusId], [t].[StoryPoints], [t].[Title], [t].[UpdatedAt]
      FROM [Tasks] AS [t]
      WHERE [t].[Id] = @__p_0
info: Microsoft.EntityFrameworkCore.Database.Command[20101]
      Executed DbCommand (7ms) [Parameters=[@__p_0='?' (DbType = Int32)], CommandType='Text', CommandTimeout='30']
      SELECT TOP(1) [t].[Id], [t].[CreatedAt], [t].[CreatorId], [t].[Description], [t].[DueDate], [t].[IsDeleted], [t].[IsWarningEmailSent], [t].[ParentTaskId], [t].[PriorityId], [t].[ProjectId], [t].[StartDate], [t].[StatusId], [t].[StoryPoints], [t].[Title], [t].[UpdatedAt]
      FROM [Tasks] AS [t]
      WHERE [t].[Id] = @__p_0
info: Microsoft.EntityFrameworkCore.Database.Command[20101]
      Executed DbCommand (101ms) [Parameters=[@p0='?' (DbType = Int32), @p1='?' (DbType = DateTime2), @p2='?' (DbType = Boolean), @p3='?' (Size = 4000), @p4='?' (DbType = Int32), @p5='?' (DbType = Int32), @p6='?' (DbType = Int32), @p7='?' (DbType = DateTime2), @p8='?' (DbType = Boolean), @p9='?' (Size = 4000), @p10='?' (DbType = Int32), @p11='?' (DbType = Int32), @p13='?' (DbType = Int32), @p12='?' (DbType = Boolean), @p15='?' (DbType = Int32), @p14='?' (DbType = Boolean)], CommandType='Text', CommandTimeout='30']
      SET NOCOUNT ON;
      MERGE [Notifications] USING (
      VALUES (@p0, @p1, @p2, @p3, @p4, @p5, 0),
      (@p6, @p7, @p8, @p9, @p10, @p11, 1)) AS i ([AccountId], [CreatedAt], [IsRead], [Message], [ProjectId], [TaskId], _Position) ON 1=0
      WHEN NOT MATCHED THEN
      INSERT ([AccountId], [CreatedAt], [IsRead], [Message], [ProjectId], [TaskId])
      VALUES (i.[AccountId], i.[CreatedAt], i.[IsRead], i.[Message], i.[ProjectId], i.[TaskId])
      OUTPUT INSERTED.[Id], i._Position;
      UPDATE [Tasks] SET [IsWarningEmailSent] = @p12
      OUTPUT 1
      WHERE [Id] = @p13;
      UPDATE [Tasks] SET [IsWarningEmailSent] = @p14
      OUTPUT 1
      WHERE [Id] = @p15;
info: Microsoft.EntityFrameworkCore.Database.Command[20101]
      Executed DbCommand (30ms) [Parameters=[@__normalizedEmail_0='?' (Size = 100)], CommandType='Text', CommandTimeout='30']
      SELECT TOP(2) [a].[Id], [a].[ApiToken], [a].[CreatedAt], [a].[Email], [a].[Name], [a].[PasswordHash], [a].[ProfilePicture], [a].[Role], [a].[Specialization], [a].[TokenExpiresAt], [a].[UpdatedAt], [a].[isActive]
      FROM [Accounts] AS [a]
      WHERE LOWER([a].[Email]) = @__normalizedEmail_0
info: Microsoft.EntityFrameworkCore.Database.Command[20101]
      Executed DbCommand (99ms) [Parameters=[@p3='?' (DbType = Int32), @p0='?' (Size = 4000), @p1='?' (DbType = DateTime2), @p2='?' (DbType = DateTime2), @p4='?' (DbType = Int32), @p5='?' (Size = 4000), @p6='?' (DbType = DateTime2), @p7='?' (Size = 4000), @p8='?' (Size = 4000), @p9='?' (Size = 4000), @p10='?' (DbType = Int32), @p11='?' (DbType = Int32)], CommandType='Text', CommandTimeout='30']
      SET NOCOUNT ON;
      UPDATE [Accounts] SET [ApiToken] = @p0, [TokenExpiresAt] = @p1, [UpdatedAt] = @p2
      OUTPUT 1
      WHERE [Id] = @p3;
      INSERT INTO [AuditLogs] ([AccountId], [Action], [CreatedAt], [NewValue], [Note], [OldValue], [ProjectId], [TaskId])
      OUTPUT INSERTED.[Id]
      VALUES (@p4, @p5, @p6, @p7, @p8, @p9, @p10, @p11);
info: Microsoft.EntityFrameworkCore.Database.Command[20101]
      Executed DbCommand (10ms) [Parameters=[@__token_0='?' (Size = 4000)], CommandType='Text', CommandTimeout='30']
      SELECT TOP(1) [a].[Id], [a].[ApiToken], [a].[CreatedAt], [a].[Email], [a].[Name], [a].[PasswordHash], [a].[ProfilePicture], [a].[Role], [a].[Specialization], [a].[TokenExpiresAt], [a].[UpdatedAt], [a].[isActive]
      FROM [Accounts] AS [a]
      WHERE [a].[ApiToken] = @__token_0
info: Microsoft.EntityFrameworkCore.Database.Command[20101]
      Executed DbCommand (7ms) [Parameters=[@__requesterId_0='?' (DbType = Int32)], CommandType='Text', CommandTimeout='30']
      SELECT CASE
          WHEN EXISTS (
              SELECT 1
              FROM [Accounts] AS [a]
              WHERE [a].[Id] = @__requesterId_0) THEN CAST(1 AS bit)
          ELSE CAST(0 AS bit)
      END
info: Microsoft.EntityFrameworkCore.Database.Command[20101]
      Executed DbCommand (3ms) [Parameters=[@__accountId_0='?' (DbType = Int32)], CommandType='Text', CommandTimeout='30']
      SELECT TOP(1) [a].[Id], [a].[Name], [a].[Email], [a].[Role], [a].[Specialization], [a].[ProfilePicture], [a].[isActive] AS [IsActive], [a].[CreatedAt], [a].[UpdatedAt]
      FROM [Accounts] AS [a]
      WHERE [a].[Id] = @__accountId_0
info: Microsoft.EntityFrameworkCore.Database.Command[20101]
      Executed DbCommand (6ms) [Parameters=[@__token_0='?' (Size = 4000)], CommandType='Text', CommandTimeout='30']
      SELECT TOP(1) [a].[Id], [a].[ApiToken], [a].[CreatedAt], [a].[Email], [a].[Name], [a].[PasswordHash], [a].[ProfilePicture], [a].[Role], [a].[Specialization], [a].[TokenExpiresAt], [a].[UpdatedAt], [a].[isActive]
      FROM [Accounts] AS [a]
      WHERE [a].[ApiToken] = @__token_0
info: Microsoft.EntityFrameworkCore.Database.Command[20101]
      Executed DbCommand (7ms) [Parameters=[@__requesterId_0='?' (DbType = Int32)], CommandType='Text', CommandTimeout='30']
      SELECT TOP(1) [a].[Id], [a].[Name], [a].[Email], [a].[Role], [a].[ProfilePicture]
      FROM [Accounts] AS [a]
      WHERE [a].[Id] = @__requesterId_0
info: Microsoft.EntityFrameworkCore.Database.Command[20101]
      Executed DbCommand (7ms) [Parameters=[@__token_0='?' (Size = 4000)], CommandType='Text', CommandTimeout='30']
      SELECT TOP(1) [a].[Id], [a].[ApiToken], [a].[CreatedAt], [a].[Email], [a].[Name], [a].[PasswordHash], [a].[ProfilePicture], [a].[Role], [a].[Specialization], [a].[TokenExpiresAt], [a].[UpdatedAt], [a].[isActive]
      FROM [Accounts] AS [a]
      WHERE [a].[ApiToken] = @__token_0
info: Microsoft.EntityFrameworkCore.Database.Command[20101]
      Executed DbCommand (67ms) [Parameters=[@__requesterId_0='?' (DbType = Int32)], CommandType='Text', CommandTimeout='30']
      SELECT [s].[Id], [s].[AccountId], [s].[Content], [s].[IsPinned], [s].[CreatedAt], [s].[UpdatedAt]
      FROM [StickyNotes] AS [s]
      WHERE [s].[AccountId] = @__requesterId_0 AND [s].[IsDeleted] = CAST(0 AS bit)
      ORDER BY [s].[IsPinned] DESC, [s].[UpdatedAt] DESC
info: Microsoft.EntityFrameworkCore.Database.Command[20101]
      Executed DbCommand (5ms) [Parameters=[@__token_0='?' (Size = 4000)], CommandType='Text', CommandTimeout='30']
      SELECT TOP(1) [a].[Id], [a].[ApiToken], [a].[CreatedAt], [a].[Email], [a].[Name], [a].[PasswordHash], [a].[ProfilePicture], [a].[Role], [a].[Specialization], [a].[TokenExpiresAt], [a].[UpdatedAt], [a].[isActive]
      FROM [Accounts] AS [a]
      WHERE [a].[ApiToken] = @__token_0
info: Microsoft.EntityFrameworkCore.Database.Command[20101]
      Executed DbCommand (7ms) [Parameters=[@__requesterId_0='?' (DbType = Int32)], CommandType='Text', CommandTimeout='30']
      SELECT CASE
          WHEN EXISTS (
              SELECT 1
              FROM [Accounts] AS [a]
              WHERE [a].[Id] = @__requesterId_0) THEN CAST(1 AS bit)
          ELSE CAST(0 AS bit)
      END
info: Microsoft.EntityFrameworkCore.Database.Command[20101]
      Executed DbCommand (7ms) [Parameters=[@__role_0='?' (Size = 4000), @__active_Value_1='?' (DbType = Boolean)], CommandType='Text', CommandTimeout='30']
      SELECT COUNT(*)
      FROM [Accounts] AS [a]
      WHERE [a].[Role] = @__role_0 AND [a].[isActive] = @__active_Value_1
info: Microsoft.EntityFrameworkCore.Database.Command[20101]
      Executed DbCommand (7ms) [Parameters=[@__role_0='?' (Size = 4000), @__active_Value_1='?' (DbType = Boolean), @__p_2='?' (DbType = Int32), @__p_3='?' (DbType = Int32)], CommandType='Text', CommandTimeout='30']
      SELECT [a].[Id], [a].[Name], [a].[Email], [a].[Role], [a].[Specialization], [a].[ProfilePicture], [a].[isActive] AS [IsActive]
      FROM [Accounts] AS [a]
      WHERE [a].[Role] = @__role_0 AND [a].[isActive] = @__active_Value_1
      ORDER BY [a].[Name], [a].[Id]
      OFFSET @__p_2 ROWS FETCH NEXT @__p_3 ROWS ONLY
info: Microsoft.EntityFrameworkCore.Database.Command[20101]
      Executed DbCommand (5ms) [Parameters=[@__token_0='?' (Size = 4000)], CommandType='Text', CommandTimeout='30']
      SELECT TOP(1) [a].[Id], [a].[ApiToken], [a].[CreatedAt], [a].[Email], [a].[Name], [a].[PasswordHash], [a].[ProfilePicture], [a].[Role], [a].[Specialization], [a].[TokenExpiresAt], [a].[UpdatedAt], [a].[isActive]
      FROM [Accounts] AS [a]
      WHERE [a].[ApiToken] = @__token_0
info: Microsoft.EntityFrameworkCore.Database.Command[20101]
      Executed DbCommand (49ms) [Parameters=[], CommandType='Text', CommandTimeout='30']
      SELECT [t].[Id], [t].[Name], [t].[Description], [t].[IsActive], [t].[CreatedAt]
      FROM [TaskPriorities] AS [t]
      WHERE [t].[IsActive] = CAST(1 AS bit)
      ORDER BY [t].[Id]
info: Microsoft.EntityFrameworkCore.Database.Command[20101]
      Executed DbCommand (5ms) [Parameters=[@__token_0='?' (Size = 4000)], CommandType='Text', CommandTimeout='30']
      SELECT TOP(1) [a].[Id], [a].[ApiToken], [a].[CreatedAt], [a].[Email], [a].[Name], [a].[PasswordHash], [a].[ProfilePicture], [a].[Role], [a].[Specialization], [a].[TokenExpiresAt], [a].[UpdatedAt], [a].[isActive]
      FROM [Accounts] AS [a]
      WHERE [a].[ApiToken] = @__token_0
info: Microsoft.EntityFrameworkCore.Database.Command[20101]
      Executed DbCommand (3ms) [Parameters=[@__requesterId_0='?' (DbType = Int32)], CommandType='Text', CommandTimeout='30']
      SELECT TOP(1) [a].[Id], [a].[Name], [a].[Email], [a].[Role], [a].[ProfilePicture]
      FROM [Accounts] AS [a]
      WHERE [a].[Id] = @__requesterId_0
info: Microsoft.EntityFrameworkCore.Database.Command[20101]
      Executed DbCommand (1ms) [Parameters=[@__token_0='?' (Size = 4000)], CommandType='Text', CommandTimeout='30']
      SELECT TOP(1) [a].[Id], [a].[ApiToken], [a].[CreatedAt], [a].[Email], [a].[Name], [a].[PasswordHash], [a].[ProfilePicture], [a].[Role], [a].[Specialization], [a].[TokenExpiresAt], [a].[UpdatedAt], [a].[isActive]
      FROM [Accounts] AS [a]
      WHERE [a].[ApiToken] = @__token_0
info: Microsoft.EntityFrameworkCore.Database.Command[20101]
      Executed DbCommand (1ms) [Parameters=[@__requesterId_0='?' (DbType = Int32)], CommandType='Text', CommandTimeout='30']
      SELECT TOP(1) [a].[Id], [a].[Name], [a].[Email], [a].[Role], [a].[ProfilePicture]
      FROM [Accounts] AS [a]
      WHERE [a].[Id] = @__requesterId_0
info: Microsoft.EntityFrameworkCore.Database.Command[20101]
      Executed DbCommand (5ms) [Parameters=[@__token_0='?' (Size = 4000)], CommandType='Text', CommandTimeout='30']
      SELECT TOP(1) [a].[Id], [a].[ApiToken], [a].[CreatedAt], [a].[Email], [a].[Name], [a].[PasswordHash], [a].[ProfilePicture], [a].[Role], [a].[Specialization], [a].[TokenExpiresAt], [a].[UpdatedAt], [a].[isActive]
      FROM [Accounts] AS [a]
      WHERE [a].[ApiToken] = @__token_0
info: Microsoft.EntityFrameworkCore.Database.Command[20101]
      Executed DbCommand (6ms) [Parameters=[@__token_0='?' (Size = 4000)], CommandType='Text', CommandTimeout='30']
      SELECT TOP(1) [a].[Id], [a].[ApiToken], [a].[CreatedAt], [a].[Email], [a].[Name], [a].[PasswordHash], [a].[ProfilePicture], [a].[Role], [a].[Specialization], [a].[TokenExpiresAt], [a].[UpdatedAt], [a].[isActive]
      FROM [Accounts] AS [a]
      WHERE [a].[ApiToken] = @__token_0
info: Microsoft.EntityFrameworkCore.Database.Command[20101]
      Executed DbCommand (7ms) [Parameters=[@__requesterId_0='?' (DbType = Int32)], CommandType='Text', CommandTimeout='30']
      SELECT [s].[Id], [s].[AccountId], [s].[Content], [s].[IsPinned], [s].[CreatedAt], [s].[UpdatedAt]
      FROM [StickyNotes] AS [s]
      WHERE [s].[AccountId] = @__requesterId_0 AND [s].[IsDeleted] = CAST(0 AS bit)
      ORDER BY [s].[IsPinned] DESC, [s].[UpdatedAt] DESC
info: Microsoft.EntityFrameworkCore.Database.Command[20101]
      Executed DbCommand (44ms) [Parameters=[@__requesterId_0='?' (DbType = Int32)], CommandType='Text', CommandTimeout='30']
      SELECT COUNT(*)
      FROM [Notifications] AS [n]
      WHERE [n].[AccountId] = @__requesterId_0 AND [n].[IsRead] = CAST(0 AS bit)
info: Microsoft.EntityFrameworkCore.Database.Command[20101]
      Executed DbCommand (6ms) [Parameters=[@__token_0='?' (Size = 4000)], CommandType='Text', CommandTimeout='30']
      SELECT TOP(1) [a].[Id], [a].[ApiToken], [a].[CreatedAt], [a].[Email], [a].[Name], [a].[PasswordHash], [a].[ProfilePicture], [a].[Role], [a].[Specialization], [a].[TokenExpiresAt], [a].[UpdatedAt], [a].[isActive]
      FROM [Accounts] AS [a]
      WHERE [a].[ApiToken] = @__token_0
info: Microsoft.EntityFrameworkCore.Database.Command[20101]
      Executed DbCommand (7ms) [Parameters=[@__requesterId_0='?' (DbType = Int32)], CommandType='Text', CommandTimeout='30']
      SELECT TOP(1) [a].[Id], [a].[Role]
      FROM [Accounts] AS [a]
      WHERE [a].[Id] = @__requesterId_0
info: Microsoft.EntityFrameworkCore.Database.Command[20101]
      Executed DbCommand (31ms) [Parameters=[], CommandType='Text', CommandTimeout='30']
      SELECT [p].[Id]
      FROM [Projects] AS [p]
      WHERE [p].[IsDeleted] = CAST(0 AS bit)
info: Microsoft.EntityFrameworkCore.Database.Command[20101]
      Executed DbCommand (3ms) [Parameters=[@__token_0='?' (Size = 4000)], CommandType='Text', CommandTimeout='30']
      SELECT TOP(1) [a].[Id], [a].[ApiToken], [a].[CreatedAt], [a].[Email], [a].[Name], [a].[PasswordHash], [a].[ProfilePicture], [a].[Role], [a].[Specialization], [a].[TokenExpiresAt], [a].[UpdatedAt], [a].[isActive]
      FROM [Accounts] AS [a]
      WHERE [a].[ApiToken] = @__token_0
info: Microsoft.EntityFrameworkCore.Database.Command[20101]
      Executed DbCommand (2ms) [Parameters=[@__requesterId_0='?' (DbType = Int32)], CommandType='Text', CommandTimeout='30']
      SELECT TOP(1) [a].[Id], [a].[Name], [a].[Email], [a].[Role], [a].[ProfilePicture]
      FROM [Accounts] AS [a]
      WHERE [a].[Id] = @__requesterId_0
info: Microsoft.EntityFrameworkCore.Database.Command[20101]
      Executed DbCommand (5ms) [Parameters=[@__token_0='?' (Size = 4000)], CommandType='Text', CommandTimeout='30']
      SELECT TOP(1) [a].[Id], [a].[ApiToken], [a].[CreatedAt], [a].[Email], [a].[Name], [a].[PasswordHash], [a].[ProfilePicture], [a].[Role], [a].[Specialization], [a].[TokenExpiresAt], [a].[UpdatedAt], [a].[isActive]
      FROM [Accounts] AS [a]
      WHERE [a].[ApiToken] = @__token_0
info: Microsoft.EntityFrameworkCore.Database.Command[20101]
      Executed DbCommand (7ms) [Parameters=[@__requesterId_0='?' (DbType = Int32)], CommandType='Text', CommandTimeout='30']
      SELECT [s].[Id], [s].[AccountId], [s].[Content], [s].[IsPinned], [s].[CreatedAt], [s].[UpdatedAt]
      FROM [StickyNotes] AS [s]
      WHERE [s].[AccountId] = @__requesterId_0 AND [s].[IsDeleted] = CAST(0 AS bit)
      ORDER BY [s].[IsPinned] DESC, [s].[UpdatedAt] DESC
info: Microsoft.EntityFrameworkCore.Database.Command[20101]
      Executed DbCommand (63ms) [Parameters=[@__visibleProjectIds_0='?' (Size = 4000)], CommandType='Text', CommandTimeout='30']
      SELECT [p].[Id], [p].[Name], [p].[Description], [p].[StatusId], [p0].[Name] AS [StatusName], [p].[CreatedAt], [p].[UpdatedAt]
      FROM [Projects] AS [p]
      INNER JOIN [ProjectStatuses] AS [p0] ON [p].[StatusId] = [p0].[Id]
      WHERE [p].[Id] IN (
          SELECT [v].[value]
          FROM OPENJSON(@__visibleProjectIds_0) WITH ([value] int '$') AS [v]
      )
info: Microsoft.EntityFrameworkCore.Database.Command[20101]
      Executed DbCommand (65ms) [Parameters=[@__visibleProjectIds_0='?' (Size = 4000)], CommandType='Text', CommandTimeout='30']
      SELECT [t].[Id], [t].[ProjectId], [t].[Title], [t].[Description], [t].[StatusId], [t0].[Name], [t].[PriorityId], CASE
          WHEN [t1].[Id] IS NOT NULL THEN [t1].[Name]
          ELSE N''
      END, [t].[StoryPoints], [t].[StartDate], [t].[DueDate], [t].[CreatedAt], [t].[UpdatedAt], [t].[ParentTaskId], [t0].[Id], [t1].[Id], [t3].[AccountId], [t3].[Id]
      FROM [Tasks] AS [t]
      INNER JOIN [TaskStatuses] AS [t0] ON [t].[StatusId] = [t0].[Id]
      LEFT JOIN [TaskPriorities] AS [t1] ON [t].[PriorityId] = [t1].[Id]
      LEFT JOIN (
          SELECT [t2].[AccountId], [t2].[Id], [t2].[TaskId]
          FROM [TaskAssignments] AS [t2]
          WHERE [t2].[IsDeleted] = CAST(0 AS bit)
      ) AS [t3] ON [t].[Id] = [t3].[TaskId]
      WHERE [t].[ProjectId] IN (
          SELECT [v].[value]
          FROM OPENJSON(@__visibleProjectIds_0) WITH ([value] int '$') AS [v]
      ) AND [t].[IsDeleted] = CAST(0 AS bit)
      ORDER BY [t].[Id], [t0].[Id], [t1].[Id]
info: Microsoft.EntityFrameworkCore.Database.Command[20101]
      Executed DbCommand (5ms) [Parameters=[@__token_0='?' (Size = 4000)], CommandType='Text', CommandTimeout='30']
      SELECT TOP(1) [a].[Id], [a].[ApiToken], [a].[CreatedAt], [a].[Email], [a].[Name], [a].[PasswordHash], [a].[ProfilePicture], [a].[Role], [a].[Specialization], [a].[TokenExpiresAt], [a].[UpdatedAt], [a].[isActive]
      FROM [Accounts] AS [a]
      WHERE [a].[ApiToken] = @__token_0
info: Microsoft.EntityFrameworkCore.Database.Command[20101]
      Executed DbCommand (5ms) [Parameters=[@__requesterId_0='?' (DbType = Int32)], CommandType='Text', CommandTimeout='30']
      SELECT CASE
          WHEN EXISTS (
              SELECT 1
              FROM [Accounts] AS [a]
              WHERE [a].[Id] = @__requesterId_0) THEN CAST(1 AS bit)
          ELSE CAST(0 AS bit)
      END
info: Microsoft.EntityFrameworkCore.Database.Command[20101]
      Executed DbCommand (2ms) [Parameters=[@__role_0='?' (Size = 4000), @__active_Value_1='?' (DbType = Boolean)], CommandType='Text', CommandTimeout='30']
      SELECT COUNT(*)
      FROM [Accounts] AS [a]
      WHERE [a].[Role] = @__role_0 AND [a].[isActive] = @__active_Value_1
info: Microsoft.EntityFrameworkCore.Database.Command[20101]
      Executed DbCommand (6ms) [Parameters=[@__role_0='?' (Size = 4000), @__active_Value_1='?' (DbType = Boolean), @__p_2='?' (DbType = Int32), @__p_3='?' (DbType = Int32)], CommandType='Text', CommandTimeout='30']
      SELECT [a].[Id], [a].[Name], [a].[Email], [a].[Role], [a].[Specialization], [a].[ProfilePicture], [a].[isActive] AS [IsActive]
      FROM [Accounts] AS [a]
      WHERE [a].[Role] = @__role_0 AND [a].[isActive] = @__active_Value_1
      ORDER BY [a].[Name], [a].[Id]
      OFFSET @__p_2 ROWS FETCH NEXT @__p_3 ROWS ONLY
info: Microsoft.EntityFrameworkCore.Database.Command[20101]
      Executed DbCommand (5ms) [Parameters=[@__token_0='?' (Size = 4000)], CommandType='Text', CommandTimeout='30']
      SELECT TOP(1) [a].[Id], [a].[ApiToken], [a].[CreatedAt], [a].[Email], [a].[Name], [a].[PasswordHash], [a].[ProfilePicture], [a].[Role], [a].[Specialization], [a].[TokenExpiresAt], [a].[UpdatedAt], [a].[isActive]
      FROM [Accounts] AS [a]
      WHERE [a].[ApiToken] = @__token_0
info: Microsoft.EntityFrameworkCore.Database.Command[20101]
      Executed DbCommand (6ms) [Parameters=[@__requesterId_0='?' (DbType = Int32)], CommandType='Text', CommandTimeout='30']
      SELECT CASE
          WHEN EXISTS (
              SELECT 1
              FROM [Accounts] AS [a]
              WHERE [a].[Id] = @__requesterId_0) THEN CAST(1 AS bit)
          ELSE CAST(0 AS bit)
      END
info: Microsoft.EntityFrameworkCore.Database.Command[20101]
      Executed DbCommand (5ms) [Parameters=[@__role_0='?' (Size = 4000), @__active_Value_1='?' (DbType = Boolean)], CommandType='Text', CommandTimeout='30']
      SELECT COUNT(*)
      FROM [Accounts] AS [a]
      WHERE [a].[Role] = @__role_0 AND [a].[isActive] = @__active_Value_1
info: Microsoft.EntityFrameworkCore.Database.Command[20101]
      Executed DbCommand (6ms) [Parameters=[@__role_0='?' (Size = 4000), @__active_Value_1='?' (DbType = Boolean), @__p_2='?' (DbType = Int32), @__p_3='?' (DbType = Int32)], CommandType='Text', CommandTimeout='30']
      SELECT [a].[Id], [a].[Name], [a].[Email], [a].[Role], [a].[Specialization], [a].[ProfilePicture], [a].[isActive] AS [IsActive]
      FROM [Accounts] AS [a]
      WHERE [a].[Role] = @__role_0 AND [a].[isActive] = @__active_Value_1
      ORDER BY [a].[Name], [a].[Id]
      OFFSET @__p_2 ROWS FETCH NEXT @__p_3 ROWS ONLY
info: Microsoft.EntityFrameworkCore.Database.Command[20101]
      Executed DbCommand (5ms) [Parameters=[@__token_0='?' (Size = 4000)], CommandType='Text', CommandTimeout='30']
      SELECT TOP(1) [a].[Id], [a].[ApiToken], [a].[CreatedAt], [a].[Email], [a].[Name], [a].[PasswordHash], [a].[ProfilePicture], [a].[Role], [a].[Specialization], [a].[TokenExpiresAt], [a].[UpdatedAt], [a].[isActive]
      FROM [Accounts] AS [a]
      WHERE [a].[ApiToken] = @__token_0
info: Microsoft.EntityFrameworkCore.Database.Command[20101]
      Executed DbCommand (4ms) [Parameters=[@__requesterId_0='?' (DbType = Int32)], CommandType='Text', CommandTimeout='30']
      SELECT TOP(1) [a].[Id], [a].[Role]
      FROM [Accounts] AS [a]
      WHERE [a].[Id] = @__requesterId_0
info: Microsoft.EntityFrameworkCore.Database.Command[20101]
      Executed DbCommand (4ms) [Parameters=[], CommandType='Text', CommandTimeout='30']
      SELECT [p].[Id]
      FROM [Projects] AS [p]
      WHERE [p].[IsDeleted] = CAST(0 AS bit)
warn: Microsoft.EntityFrameworkCore.Query[10103]
      The query uses the 'First'/'FirstOrDefault' operator without 'OrderBy' and filter operators. This may lead to unpredictable results.
info: Microsoft.EntityFrameworkCore.Database.Command[20101]
      Executed DbCommand (36ms) [Parameters=[@__visibleProjectIds_0='?' (Size = 4000)], CommandType='Text', CommandTimeout='30']
      SELECT TOP(1) COUNT(*) AS [Total], COUNT(CASE
          WHEN [t0].[StatusId] = 3 THEN 1
      END) AS [ForReview], COUNT(CASE
          WHEN [t0].[StatusId] = 4 THEN 1
      END) AS [Completed]
      FROM (
          SELECT [t].[StatusId], 1 AS [Key]
          FROM [Tasks] AS [t]
          WHERE [t].[ProjectId] IN (
              SELECT [v].[value]
              FROM OPENJSON(@__visibleProjectIds_0) WITH ([value] int '$') AS [v]
          ) AND [t].[IsDeleted] = CAST(0 AS bit)
      ) AS [t0]
      GROUP BY [t0].[Key]
info: Microsoft.EntityFrameworkCore.Database.Command[20101]
      Executed DbCommand (4ms) [Parameters=[], CommandType='Text', CommandTimeout='30']
      SELECT COUNT(*)
      FROM [Accounts] AS [a]
      WHERE [a].[isActive] = CAST(1 AS bit)
info: Microsoft.EntityFrameworkCore.Database.Command[20101]
      Executed DbCommand (6ms) [Parameters=[], CommandType='Text', CommandTimeout='30']
      SELECT COUNT(*)
      FROM [Projects] AS [p]
      WHERE [p].[IsDeleted] = CAST(0 AS bit)
info: Microsoft.EntityFrameworkCore.Database.Command[20101]
      Executed DbCommand (19ms) [Parameters=[@__now_0='?' (DbType = DateTime2)], CommandType='Text', CommandTimeout='30']
      SELECT COUNT(*)
      FROM [Tasks] AS [t]
      WHERE [t].[IsDeleted] = CAST(0 AS bit) AND [t].[DueDate] < @__now_0 AND [t].[StatusId] <> 4
info: Microsoft.EntityFrameworkCore.Database.Command[20101]
      Executed DbCommand (5ms) [Parameters=[], CommandType='Text', CommandTimeout='30']
      SELECT COUNT(*)
      FROM [Accounts] AS [a]
      WHERE [a].[isActive] = CAST(0 AS bit)
info: Microsoft.EntityFrameworkCore.Database.Command[20101]
      Executed DbCommand (6ms) [Parameters=[@__token_0='?' (Size = 4000)], CommandType='Text', CommandTimeout='30']
      SELECT TOP(1) [a].[Id], [a].[ApiToken], [a].[CreatedAt], [a].[Email], [a].[Name], [a].[PasswordHash], [a].[ProfilePicture], [a].[Role], [a].[Specialization], [a].[TokenExpiresAt], [a].[UpdatedAt], [a].[isActive]
      FROM [Accounts] AS [a]
      WHERE [a].[ApiToken] = @__token_0
info: Microsoft.EntityFrameworkCore.Database.Command[20101]
      Executed DbCommand (6ms) [Parameters=[@__requesterId_0='?' (DbType = Int32)], CommandType='Text', CommandTimeout='30']
      SELECT TOP(1) [a].[Id], [a].[Role]
      FROM [Accounts] AS [a]
      WHERE [a].[Id] = @__requesterId_0
info: Microsoft.EntityFrameworkCore.Database.Command[20101]
      Executed DbCommand (5ms) [Parameters=[@__projectId_0='?' (DbType = Int32)], CommandType='Text', CommandTimeout='30']
      SELECT TOP(1) [p].[Id], [p].[Name]
      FROM [Projects] AS [p]
      WHERE [p].[Id] = @__projectId_0 AND [p].[IsDeleted] = CAST(0 AS bit)
warn: Microsoft.EntityFrameworkCore.Query[10103]
      The query uses the 'First'/'FirstOrDefault' operator without 'OrderBy' and filter operators. This may lead to unpredictable results.
info: Microsoft.EntityFrameworkCore.Database.Command[20101]
      Executed DbCommand (6ms) [Parameters=[@__projectId_0='?' (DbType = Int32)], CommandType='Text', CommandTimeout='30']
      SELECT TOP(1) COUNT(*) AS [Total], COUNT(CASE
          WHEN [t0].[StatusId] = 1 THEN 1
      END) AS [NotStarted], COUNT(CASE
          WHEN [t0].[StatusId] = 2 THEN 1
      END) AS [InProgress], COUNT(CASE
          WHEN [t0].[StatusId] = 3 THEN 1
      END) AS [ForReview], COUNT(CASE
          WHEN [t0].[StatusId] = 4 THEN 1
      END) AS [Completed]
      FROM (
          SELECT [t].[StatusId], 1 AS [Key]
          FROM [Tasks] AS [t]
          WHERE [t].[ProjectId] = @__projectId_0 AND [t].[IsDeleted] = CAST(0 AS bit)
      ) AS [t0]
      GROUP BY [t0].[Key]
info: Microsoft.EntityFrameworkCore.Database.Command[20101]
      Executed DbCommand (7ms) [Parameters=[@__token_0='?' (Size = 4000)], CommandType='Text', CommandTimeout='30']
      SELECT TOP(1) [a].[Id], [a].[ApiToken], [a].[CreatedAt], [a].[Email], [a].[Name], [a].[PasswordHash], [a].[ProfilePicture], [a].[Role], [a].[Specialization], [a].[TokenExpiresAt], [a].[UpdatedAt], [a].[isActive]
      FROM [Accounts] AS [a]
      WHERE [a].[ApiToken] = @__token_0
info: Microsoft.EntityFrameworkCore.Database.Command[20101]
      Executed DbCommand (5ms) [Parameters=[@__requesterId_0='?' (DbType = Int32)], CommandType='Text', CommandTimeout='30']
      SELECT TOP(1) [a].[Id], [a].[Name], [a].[Email], [a].[Role], [a].[ProfilePicture]
      FROM [Accounts] AS [a]
      WHERE [a].[Id] = @__requesterId_0
info: Microsoft.EntityFrameworkCore.Database.Command[20101]
      Executed DbCommand (5ms) [Parameters=[@__token_0='?' (Size = 4000)], CommandType='Text', CommandTimeout='30']
      SELECT TOP(1) [a].[Id], [a].[ApiToken], [a].[CreatedAt], [a].[Email], [a].[Name], [a].[PasswordHash], [a].[ProfilePicture], [a].[Role], [a].[Specialization], [a].[TokenExpiresAt], [a].[UpdatedAt], [a].[isActive]
      FROM [Accounts] AS [a]
      WHERE [a].[ApiToken] = @__token_0
info: Microsoft.EntityFrameworkCore.Database.Command[20101]
      Executed DbCommand (4ms) [Parameters=[@__requesterId_0='?' (DbType = Int32)], CommandType='Text', CommandTimeout='30']
      SELECT COUNT(*)
      FROM [Notifications] AS [n]
      WHERE [n].[AccountId] = @__requesterId_0 AND [n].[IsRead] = CAST(0 AS bit)
info: Microsoft.EntityFrameworkCore.Database.Command[20101]
      Executed DbCommand (5ms) [Parameters=[@__token_0='?' (Size = 4000)], CommandType='Text', CommandTimeout='30']
      SELECT TOP(1) [a].[Id], [a].[ApiToken], [a].[CreatedAt], [a].[Email], [a].[Name], [a].[PasswordHash], [a].[ProfilePicture], [a].[Role], [a].[Specialization], [a].[TokenExpiresAt], [a].[UpdatedAt], [a].[isActive]
      FROM [Accounts] AS [a]
      WHERE [a].[ApiToken] = @__token_0
info: Microsoft.EntityFrameworkCore.Database.Command[20101]
      Executed DbCommand (3ms) [Parameters=[@__requesterId_0='?' (DbType = Int32)], CommandType='Text', CommandTimeout='30']
      SELECT TOP(1) [a].[Id], [a].[Name], [a].[Email], [a].[Role], [a].[ProfilePicture]
      FROM [Accounts] AS [a]
      WHERE [a].[Id] = @__requesterId_0
info: Microsoft.EntityFrameworkCore.Database.Command[20101]
      Executed DbCommand (6ms) [Parameters=[@__token_0='?' (Size = 4000)], CommandType='Text', CommandTimeout='30']
      SELECT TOP(1) [a].[Id], [a].[ApiToken], [a].[CreatedAt], [a].[Email], [a].[Name], [a].[PasswordHash], [a].[ProfilePicture], [a].[Role], [a].[Specialization], [a].[TokenExpiresAt], [a].[UpdatedAt], [a].[isActive]
      FROM [Accounts] AS [a]
      WHERE [a].[ApiToken] = @__token_0
info: Microsoft.EntityFrameworkCore.Database.Command[20101]
      Executed DbCommand (6ms) [Parameters=[@__requesterId_0='?' (DbType = Int32)], CommandType='Text', CommandTimeout='30']
      SELECT COUNT(*)
      FROM [Notifications] AS [n]
      WHERE [n].[AccountId] = @__requesterId_0 AND [n].[IsRead] = CAST(0 AS bit)
info: Microsoft.EntityFrameworkCore.Database.Command[20101]
      Executed DbCommand (7ms) [Parameters=[@__token_0='?' (Size = 4000)], CommandType='Text', CommandTimeout='30']
      SELECT TOP(1) [a].[Id], [a].[ApiToken], [a].[CreatedAt], [a].[Email], [a].[Name], [a].[PasswordHash], [a].[ProfilePicture], [a].[Role], [a].[Specialization], [a].[TokenExpiresAt], [a].[UpdatedAt], [a].[isActive]
      FROM [Accounts] AS [a]
      WHERE [a].[ApiToken] = @__token_0
info: Microsoft.EntityFrameworkCore.Database.Command[20101]
      Executed DbCommand (6ms) [Parameters=[@__requesterId_0='?' (DbType = Int32)], CommandType='Text', CommandTimeout='30']
      SELECT TOP(1) [a].[Id], [a].[Name], [a].[Email], [a].[Role], [a].[ProfilePicture]
      FROM [Accounts] AS [a]
      WHERE [a].[Id] = @__requesterId_0
info: Microsoft.EntityFrameworkCore.Database.Command[20101]
      Executed DbCommand (5ms) [Parameters=[@__token_0='?' (Size = 4000)], CommandType='Text', CommandTimeout='30']
      SELECT TOP(1) [a].[Id], [a].[ApiToken], [a].[CreatedAt], [a].[Email], [a].[Name], [a].[PasswordHash], [a].[ProfilePicture], [a].[Role], [a].[Specialization], [a].[TokenExpiresAt], [a].[UpdatedAt], [a].[isActive]
      FROM [Accounts] AS [a]
      WHERE [a].[ApiToken] = @__token_0
info: Microsoft.EntityFrameworkCore.Database.Command[20101]
      Executed DbCommand (5ms) [Parameters=[@__requesterId_0='?' (DbType = Int32)], CommandType='Text', CommandTimeout='30']
      SELECT COUNT(*)
      FROM [Notifications] AS [n]
      WHERE [n].[AccountId] = @__requesterId_0 AND [n].[IsRead] = CAST(0 AS bit)
info: Microsoft.EntityFrameworkCore.Database.Command[20101]
      Executed DbCommand (7ms) [Parameters=[@__token_0='?' (Size = 4000)], CommandType='Text', CommandTimeout='30']
      SELECT TOP(1) [a].[Id], [a].[ApiToken], [a].[CreatedAt], [a].[Email], [a].[Name], [a].[PasswordHash], [a].[ProfilePicture], [a].[Role], [a].[Specialization], [a].[TokenExpiresAt], [a].[UpdatedAt], [a].[isActive]
      FROM [Accounts] AS [a]
      WHERE [a].[ApiToken] = @__token_0
info: Microsoft.EntityFrameworkCore.Database.Command[20101]
      Executed DbCommand (7ms) [Parameters=[@__requesterId_0='?' (DbType = Int32)], CommandType='Text', CommandTimeout='30']
      SELECT TOP(1) [a].[Id], [a].[Name], [a].[Email], [a].[Role], [a].[ProfilePicture]
      FROM [Accounts] AS [a]
      WHERE [a].[Id] = @__requesterId_0
info: Microsoft.EntityFrameworkCore.Database.Command[20101]
      Executed DbCommand (6ms) [Parameters=[@__token_0='?' (Size = 4000)], CommandType='Text', CommandTimeout='30']
      SELECT TOP(1) [a].[Id], [a].[ApiToken], [a].[CreatedAt], [a].[Email], [a].[Name], [a].[PasswordHash], [a].[ProfilePicture], [a].[Role], [a].[Specialization], [a].[TokenExpiresAt], [a].[UpdatedAt], [a].[isActive]
      FROM [Accounts] AS [a]
      WHERE [a].[ApiToken] = @__token_0
info: Microsoft.EntityFrameworkCore.Database.Command[20101]
      Executed DbCommand (4ms) [Parameters=[@__requesterId_0='?' (DbType = Int32)], CommandType='Text', CommandTimeout='30']
      SELECT COUNT(*)
      FROM [Notifications] AS [n]
      WHERE [n].[AccountId] = @__requesterId_0 AND [n].[IsRead] = CAST(0 AS bit)
info: Microsoft.EntityFrameworkCore.Database.Command[20101]
      Executed DbCommand (6ms) [Parameters=[@__token_0='?' (Size = 4000)], CommandType='Text', CommandTimeout='30']
      SELECT TOP(1) [a].[Id], [a].[ApiToken], [a].[CreatedAt], [a].[Email], [a].[Name], [a].[PasswordHash], [a].[ProfilePicture], [a].[Role], [a].[Specialization], [a].[TokenExpiresAt], [a].[UpdatedAt], [a].[isActive]
      FROM [Accounts] AS [a]
      WHERE [a].[ApiToken] = @__token_0
info: Microsoft.EntityFrameworkCore.Database.Command[20101]
      Executed DbCommand (5ms) [Parameters=[@__requesterId_0='?' (DbType = Int32)], CommandType='Text', CommandTimeout='30']
      SELECT TOP(1) [a].[Id], [a].[Name], [a].[Email], [a].[Role], [a].[ProfilePicture]
      FROM [Accounts] AS [a]
      WHERE [a].[Id] = @__requesterId_0
info: Microsoft.EntityFrameworkCore.Database.Command[20101]
      Executed DbCommand (7ms) [Parameters=[@__token_0='?' (Size = 4000)], CommandType='Text', CommandTimeout='30']
      SELECT TOP(1) [a].[Id], [a].[ApiToken], [a].[CreatedAt], [a].[Email], [a].[Name], [a].[PasswordHash], [a].[ProfilePicture], [a].[Role], [a].[Specialization], [a].[TokenExpiresAt], [a].[UpdatedAt], [a].[isActive]
      FROM [Accounts] AS [a]
      WHERE [a].[ApiToken] = @__token_0
info: Microsoft.EntityFrameworkCore.Database.Command[20101]
      Executed DbCommand (7ms) [Parameters=[@__requesterId_0='?' (DbType = Int32)], CommandType='Text', CommandTimeout='30']
      SELECT COUNT(*)
      FROM [Notifications] AS [n]
      WHERE [n].[AccountId] = @__requesterId_0 AND [n].[IsRead] = CAST(0 AS bit)
info: Microsoft.EntityFrameworkCore.Database.Command[20101]
      Executed DbCommand (8ms) [Parameters=[@__token_0='?' (Size = 4000)], CommandType='Text', CommandTimeout='30']
      SELECT TOP(1) [a].[Id], [a].[ApiToken], [a].[CreatedAt], [a].[Email], [a].[Name], [a].[PasswordHash], [a].[ProfilePicture], [a].[Role], [a].[Specialization], [a].[TokenExpiresAt], [a].[UpdatedAt], [a].[isActive]
      FROM [Accounts] AS [a]
      WHERE [a].[ApiToken] = @__token_0
info: Microsoft.EntityFrameworkCore.Database.Command[20101]
      Executed DbCommand (7ms) [Parameters=[@__requesterId_0='?' (DbType = Int32)], CommandType='Text', CommandTimeout='30']
      SELECT TOP(1) [a].[Id], [a].[Name], [a].[Email], [a].[Role], [a].[ProfilePicture]
      FROM [Accounts] AS [a]
      WHERE [a].[Id] = @__requesterId_0
info: Microsoft.EntityFrameworkCore.Database.Command[20101]
      Executed DbCommand (4ms) [Parameters=[@__token_0='?' (Size = 4000)], CommandType='Text', CommandTimeout='30']
      SELECT TOP(1) [a].[Id], [a].[ApiToken], [a].[CreatedAt], [a].[Email], [a].[Name], [a].[PasswordHash], [a].[ProfilePicture], [a].[Role], [a].[Specialization], [a].[TokenExpiresAt], [a].[UpdatedAt], [a].[isActive]
      FROM [Accounts] AS [a]
      WHERE [a].[ApiToken] = @__token_0
info: Microsoft.EntityFrameworkCore.Database.Command[20101]
      Executed DbCommand (5ms) [Parameters=[@__requesterId_0='?' (DbType = Int32)], CommandType='Text', CommandTimeout='30']
      SELECT COUNT(*)
      FROM [Notifications] AS [n]
      WHERE [n].[AccountId] = @__requesterId_0 AND [n].[IsRead] = CAST(0 AS bit)
info: Microsoft.EntityFrameworkCore.Database.Command[20101]
      Executed DbCommand (3ms) [Parameters=[@__token_0='?' (Size = 4000)], CommandType='Text', CommandTimeout='30']
      SELECT TOP(1) [a].[Id], [a].[ApiToken], [a].[CreatedAt], [a].[Email], [a].[Name], [a].[PasswordHash], [a].[ProfilePicture], [a].[Role], [a].[Specialization], [a].[TokenExpiresAt], [a].[UpdatedAt], [a].[isActive]
      FROM [Accounts] AS [a]
      WHERE [a].[ApiToken] = @__token_0
info: Microsoft.EntityFrameworkCore.Database.Command[20101]
      Executed DbCommand (3ms) [Parameters=[@__requesterId_0='?' (DbType = Int32)], CommandType='Text', CommandTimeout='30']
      SELECT TOP(1) [a].[Id], [a].[Name], [a].[Email], [a].[Role], [a].[ProfilePicture]
      FROM [Accounts] AS [a]
      WHERE [a].[Id] = @__requesterId_0
info: Microsoft.EntityFrameworkCore.Database.Command[20101]
      Executed DbCommand (7ms) [Parameters=[@__token_0='?' (Size = 4000)], CommandType='Text', CommandTimeout='30']
      SELECT TOP(1) [a].[Id], [a].[ApiToken], [a].[CreatedAt], [a].[Email], [a].[Name], [a].[PasswordHash], [a].[ProfilePicture], [a].[Role], [a].[Specialization], [a].[TokenExpiresAt], [a].[UpdatedAt], [a].[isActive]
      FROM [Accounts] AS [a]
      WHERE [a].[ApiToken] = @__token_0
info: Microsoft.EntityFrameworkCore.Database.Command[20101]
      Executed DbCommand (7ms) [Parameters=[@__requesterId_0='?' (DbType = Int32)], CommandType='Text', CommandTimeout='30']
      SELECT COUNT(*)
      FROM [Notifications] AS [n]
      WHERE [n].[AccountId] = @__requesterId_0 AND [n].[IsRead] = CAST(0 AS bit)
info: Microsoft.EntityFrameworkCore.Database.Command[20101]
      Executed DbCommand (5ms) [Parameters=[@__token_0='?' (Size = 4000)], CommandType='Text', CommandTimeout='30']
      SELECT TOP(1) [a].[Id], [a].[ApiToken], [a].[CreatedAt], [a].[Email], [a].[Name], [a].[PasswordHash], [a].[ProfilePicture], [a].[Role], [a].[Specialization], [a].[TokenExpiresAt], [a].[UpdatedAt], [a].[isActive]
      FROM [Accounts] AS [a]
      WHERE [a].[ApiToken] = @__token_0
info: Microsoft.EntityFrameworkCore.Database.Command[20101]
      Executed DbCommand (4ms) [Parameters=[@__requesterId_0='?' (DbType = Int32)], CommandType='Text', CommandTimeout='30']
      SELECT TOP(1) [a].[Id], [a].[Name], [a].[Email], [a].[Role], [a].[ProfilePicture]
      FROM [Accounts] AS [a]
      WHERE [a].[Id] = @__requesterId_0
info: Microsoft.EntityFrameworkCore.Database.Command[20101]
      Executed DbCommand (3ms) [Parameters=[@__token_0='?' (Size = 4000)], CommandType='Text', CommandTimeout='30']
      SELECT TOP(1) [a].[Id], [a].[ApiToken], [a].[CreatedAt], [a].[Email], [a].[Name], [a].[PasswordHash], [a].[ProfilePicture], [a].[Role], [a].[Specialization], [a].[TokenExpiresAt], [a].[UpdatedAt], [a].[isActive]
      FROM [Accounts] AS [a]
      WHERE [a].[ApiToken] = @__token_0
info: Microsoft.EntityFrameworkCore.Database.Command[20101]
      Executed DbCommand (4ms) [Parameters=[@__requesterId_0='?' (DbType = Int32)], CommandType='Text', CommandTimeout='30']
      SELECT COUNT(*)
      FROM [Notifications] AS [n]
      WHERE [n].[AccountId] = @__requesterId_0 AND [n].[IsRead] = CAST(0 AS bit)
info: Microsoft.EntityFrameworkCore.Database.Command[20101]
      Executed DbCommand (6ms) [Parameters=[@__token_0='?' (Size = 4000)], CommandType='Text', CommandTimeout='30']
      SELECT TOP(1) [a].[Id], [a].[ApiToken], [a].[CreatedAt], [a].[Email], [a].[Name], [a].[PasswordHash], [a].[ProfilePicture], [a].[Role], [a].[Specialization], [a].[TokenExpiresAt], [a].[UpdatedAt], [a].[isActive]
      FROM [Accounts] AS [a]
      WHERE [a].[ApiToken] = @__token_0
info: Microsoft.EntityFrameworkCore.Database.Command[20101]
      Executed DbCommand (6ms) [Parameters=[@__requesterId_0='?' (DbType = Int32)], CommandType='Text', CommandTimeout='30']
      SELECT TOP(1) [a].[Id], [a].[Name], [a].[Email], [a].[Role], [a].[ProfilePicture]
      FROM [Accounts] AS [a]
      WHERE [a].[Id] = @__requesterId_0
info: Microsoft.EntityFrameworkCore.Database.Command[20101]
      Executed DbCommand (1ms) [Parameters=[@__token_0='?' (Size = 4000)], CommandType='Text', CommandTimeout='30']
      SELECT TOP(1) [a].[Id], [a].[ApiToken], [a].[CreatedAt], [a].[Email], [a].[Name], [a].[PasswordHash], [a].[ProfilePicture], [a].[Role], [a].[Specialization], [a].[TokenExpiresAt], [a].[UpdatedAt], [a].[isActive]
      FROM [Accounts] AS [a]
      WHERE [a].[ApiToken] = @__token_0
info: Microsoft.EntityFrameworkCore.Database.Command[20101]
      Executed DbCommand (3ms) [Parameters=[@__requesterId_0='?' (DbType = Int32)], CommandType='Text', CommandTimeout='30']
      SELECT COUNT(*)
      FROM [Notifications] AS [n]
      WHERE [n].[AccountId] = @__requesterId_0 AND [n].[IsRead] = CAST(0 AS bit)
info: Microsoft.EntityFrameworkCore.Database.Command[20101]
      Executed DbCommand (6ms) [Parameters=[@__token_0='?' (Size = 4000)], CommandType='Text', CommandTimeout='30']
      SELECT TOP(1) [a].[Id], [a].[ApiToken], [a].[CreatedAt], [a].[Email], [a].[Name], [a].[PasswordHash], [a].[ProfilePicture], [a].[Role], [a].[Specialization], [a].[TokenExpiresAt], [a].[UpdatedAt], [a].[isActive]
      FROM [Accounts] AS [a]
      WHERE [a].[ApiToken] = @__token_0
info: Microsoft.EntityFrameworkCore.Database.Command[20101]
      Executed DbCommand (4ms) [Parameters=[@__requesterId_0='?' (DbType = Int32)], CommandType='Text', CommandTimeout='30']
      SELECT TOP(1) [a].[Id], [a].[Name], [a].[Email], [a].[Role], [a].[ProfilePicture]
      FROM [Accounts] AS [a]
      WHERE [a].[Id] = @__requesterId_0
info: Microsoft.EntityFrameworkCore.Database.Command[20101]
      Executed DbCommand (1ms) [Parameters=[@__token_0='?' (Size = 4000)], CommandType='Text', CommandTimeout='30']
      SELECT TOP(1) [a].[Id], [a].[ApiToken], [a].[CreatedAt], [a].[Email], [a].[Name], [a].[PasswordHash], [a].[ProfilePicture], [a].[Role], [a].[Specialization], [a].[TokenExpiresAt], [a].[UpdatedAt], [a].[isActive]
      FROM [Accounts] AS [a]
      WHERE [a].[ApiToken] = @__token_0
info: Microsoft.EntityFrameworkCore.Database.Command[20101]
      Executed DbCommand (3ms) [Parameters=[@__requesterId_0='?' (DbType = Int32)], CommandType='Text', CommandTimeout='30']
      SELECT COUNT(*)
      FROM [Notifications] AS [n]
      WHERE [n].[AccountId] = @__requesterId_0 AND [n].[IsRead] = CAST(0 AS bit)
info: Microsoft.EntityFrameworkCore.Database.Command[20101]
      Executed DbCommand (4ms) [Parameters=[@__token_0='?' (Size = 4000)], CommandType='Text', CommandTimeout='30']
      SELECT TOP(1) [a].[Id], [a].[ApiToken], [a].[CreatedAt], [a].[Email], [a].[Name], [a].[PasswordHash], [a].[ProfilePicture], [a].[Role], [a].[Specialization], [a].[TokenExpiresAt], [a].[UpdatedAt], [a].[isActive]
      FROM [Accounts] AS [a]
      WHERE [a].[ApiToken] = @__token_0
info: Microsoft.EntityFrameworkCore.Database.Command[20101]
      Executed DbCommand (3ms) [Parameters=[@__requesterId_0='?' (DbType = Int32)], CommandType='Text', CommandTimeout='30']
      SELECT TOP(1) [a].[Id], [a].[Name], [a].[Email], [a].[Role], [a].[ProfilePicture]
      FROM [Accounts] AS [a]
      WHERE [a].[Id] = @__requesterId_0
info: Microsoft.EntityFrameworkCore.Database.Command[20101]
      Executed DbCommand (1ms) [Parameters=[@__token_0='?' (Size = 4000)], CommandType='Text', CommandTimeout='30']
      SELECT TOP(1) [a].[Id], [a].[ApiToken], [a].[CreatedAt], [a].[Email], [a].[Name], [a].[PasswordHash], [a].[ProfilePicture], [a].[Role], [a].[Specialization], [a].[TokenExpiresAt], [a].[UpdatedAt], [a].[isActive]
      FROM [Accounts] AS [a]
      WHERE [a].[ApiToken] = @__token_0
info: Microsoft.EntityFrameworkCore.Database.Command[20101]
      Executed DbCommand (9ms) [Parameters=[@__requesterId_0='?' (DbType = Int32)], CommandType='Text', CommandTimeout='30']
      SELECT COUNT(*)
      FROM [Notifications] AS [n]
      WHERE [n].[AccountId] = @__requesterId_0 AND [n].[IsRead] = CAST(0 AS bit)
info: Microsoft.EntityFrameworkCore.Database.Command[20101]
      Executed DbCommand (7ms) [Parameters=[@__token_0='?' (Size = 4000)], CommandType='Text', CommandTimeout='30']
      SELECT TOP(1) [a].[Id], [a].[ApiToken], [a].[CreatedAt], [a].[Email], [a].[Name], [a].[PasswordHash], [a].[ProfilePicture], [a].[Role], [a].[Specialization], [a].[TokenExpiresAt], [a].[UpdatedAt], [a].[isActive]
      FROM [Accounts] AS [a]
      WHERE [a].[ApiToken] = @__token_0
info: Microsoft.EntityFrameworkCore.Database.Command[20101]
      Executed DbCommand (5ms) [Parameters=[@__requesterId_0='?' (DbType = Int32)], CommandType='Text', CommandTimeout='30']
      SELECT TOP(1) [a].[Id], [a].[Name], [a].[Email], [a].[Role], [a].[ProfilePicture]
      FROM [Accounts] AS [a]
      WHERE [a].[Id] = @__requesterId_0
info: Microsoft.EntityFrameworkCore.Database.Command[20101]
      Executed DbCommand (6ms) [Parameters=[@__token_0='?' (Size = 4000)], CommandType='Text', CommandTimeout='30']
      SELECT TOP(1) [a].[Id], [a].[ApiToken], [a].[CreatedAt], [a].[Email], [a].[Name], [a].[PasswordHash], [a].[ProfilePicture], [a].[Role], [a].[Specialization], [a].[TokenExpiresAt], [a].[UpdatedAt], [a].[isActive]
      FROM [Accounts] AS [a]
      WHERE [a].[ApiToken] = @__token_0
info: Microsoft.EntityFrameworkCore.Database.Command[20101]
      Executed DbCommand (3ms) [Parameters=[@__requesterId_0='?' (DbType = Int32)], CommandType='Text', CommandTimeout='30']
      SELECT COUNT(*)
      FROM [Notifications] AS [n]
      WHERE [n].[AccountId] = @__requesterId_0 AND [n].[IsRead] = CAST(0 AS bit)
info: Microsoft.EntityFrameworkCore.Database.Command[20101]
      Executed DbCommand (6ms) [Parameters=[@__token_0='?' (Size = 4000)], CommandType='Text', CommandTimeout='30']
      SELECT TOP(1) [a].[Id], [a].[ApiToken], [a].[CreatedAt], [a].[Email], [a].[Name], [a].[PasswordHash], [a].[ProfilePicture], [a].[Role], [a].[Specialization], [a].[TokenExpiresAt], [a].[UpdatedAt], [a].[isActive]
      FROM [Accounts] AS [a]
      WHERE [a].[ApiToken] = @__token_0
info: Microsoft.EntityFrameworkCore.Database.Command[20101]
      Executed DbCommand (6ms) [Parameters=[@__requesterId_0='?' (DbType = Int32)], CommandType='Text', CommandTimeout='30']
      SELECT TOP(1) [a].[Id], [a].[Name], [a].[Email], [a].[Role], [a].[ProfilePicture]
      FROM [Accounts] AS [a]
      WHERE [a].[Id] = @__requesterId_0
info: Microsoft.EntityFrameworkCore.Database.Command[20101]
      Executed DbCommand (9ms) [Parameters=[@__token_0='?' (Size = 4000)], CommandType='Text', CommandTimeout='30']
      SELECT TOP(1) [a].[Id], [a].[ApiToken], [a].[CreatedAt], [a].[Email], [a].[Name], [a].[PasswordHash], [a].[ProfilePicture], [a].[Role], [a].[Specialization], [a].[TokenExpiresAt], [a].[UpdatedAt], [a].[isActive]
      FROM [Accounts] AS [a]
      WHERE [a].[ApiToken] = @__token_0
info: Microsoft.EntityFrameworkCore.Database.Command[20101]
      Executed DbCommand (8ms) [Parameters=[@__requesterId_0='?' (DbType = Int32)], CommandType='Text', CommandTimeout='30']
      SELECT COUNT(*)
      FROM [Notifications] AS [n]
      WHERE [n].[AccountId] = @__requesterId_0 AND [n].[IsRead] = CAST(0 AS bit)
info: Microsoft.EntityFrameworkCore.Database.Command[20101]
      Executed DbCommand (6ms) [Parameters=[@__token_0='?' (Size = 4000)], CommandType='Text', CommandTimeout='30']
      SELECT TOP(1) [a].[Id], [a].[ApiToken], [a].[CreatedAt], [a].[Email], [a].[Name], [a].[PasswordHash], [a].[ProfilePicture], [a].[Role], [a].[Specialization], [a].[TokenExpiresAt], [a].[UpdatedAt], [a].[isActive]
      FROM [Accounts] AS [a]
      WHERE [a].[ApiToken] = @__token_0
info: Microsoft.EntityFrameworkCore.Database.Command[20101]
      Executed DbCommand (5ms) [Parameters=[@__requesterId_0='?' (DbType = Int32)], CommandType='Text', CommandTimeout='30']
      SELECT TOP(1) [a].[Id], [a].[Name], [a].[Email], [a].[Role], [a].[ProfilePicture]
      FROM [Accounts] AS [a]
      WHERE [a].[Id] = @__requesterId_0
info: Microsoft.EntityFrameworkCore.Database.Command[20101]
      Executed DbCommand (7ms) [Parameters=[@__token_0='?' (Size = 4000)], CommandType='Text', CommandTimeout='30']
      SELECT TOP(1) [a].[Id], [a].[ApiToken], [a].[CreatedAt], [a].[Email], [a].[Name], [a].[PasswordHash], [a].[ProfilePicture], [a].[Role], [a].[Specialization], [a].[TokenExpiresAt], [a].[UpdatedAt], [a].[isActive]
      FROM [Accounts] AS [a]
      WHERE [a].[ApiToken] = @__token_0
info: Microsoft.EntityFrameworkCore.Database.Command[20101]
      Executed DbCommand (7ms) [Parameters=[@__requesterId_0='?' (DbType = Int32)], CommandType='Text', CommandTimeout='30']
      SELECT COUNT(*)
      FROM [Notifications] AS [n]
      WHERE [n].[AccountId] = @__requesterId_0 AND [n].[IsRead] = CAST(0 AS bit)
info: Microsoft.EntityFrameworkCore.Database.Command[20101]
      Executed DbCommand (7ms) [Parameters=[@__token_0='?' (Size = 4000)], CommandType='Text', CommandTimeout='30']
      SELECT TOP(1) [a].[Id], [a].[ApiToken], [a].[CreatedAt], [a].[Email], [a].[Name], [a].[PasswordHash], [a].[ProfilePicture], [a].[Role], [a].[Specialization], [a].[TokenExpiresAt], [a].[UpdatedAt], [a].[isActive]
      FROM [Accounts] AS [a]
      WHERE [a].[ApiToken] = @__token_0
info: Microsoft.EntityFrameworkCore.Database.Command[20101]
      Executed DbCommand (5ms) [Parameters=[@__requesterId_0='?' (DbType = Int32)], CommandType='Text', CommandTimeout='30']
      SELECT TOP(1) [a].[Id], [a].[Name], [a].[Email], [a].[Role], [a].[ProfilePicture]
      FROM [Accounts] AS [a]
      WHERE [a].[Id] = @__requesterId_0
info: Microsoft.EntityFrameworkCore.Database.Command[20101]
      Executed DbCommand (1ms) [Parameters=[@__token_0='?' (Size = 4000)], CommandType='Text', CommandTimeout='30']
      SELECT TOP(1) [a].[Id], [a].[ApiToken], [a].[CreatedAt], [a].[Email], [a].[Name], [a].[PasswordHash], [a].[ProfilePicture], [a].[Role], [a].[Specialization], [a].[TokenExpiresAt], [a].[UpdatedAt], [a].[isActive]
      FROM [Accounts] AS [a]
      WHERE [a].[ApiToken] = @__token_0
info: Microsoft.EntityFrameworkCore.Database.Command[20101]
      Executed DbCommand (4ms) [Parameters=[@__requesterId_0='?' (DbType = Int32)], CommandType='Text', CommandTimeout='30']
      SELECT COUNT(*)
      FROM [Notifications] AS [n]
      WHERE [n].[AccountId] = @__requesterId_0 AND [n].[IsRead] = CAST(0 AS bit)
info: Microsoft.EntityFrameworkCore.Database.Command[20101]
      Executed DbCommand (4ms) [Parameters=[@__token_0='?' (Size = 4000)], CommandType='Text', CommandTimeout='30']
      SELECT TOP(1) [a].[Id], [a].[ApiToken], [a].[CreatedAt], [a].[Email], [a].[Name], [a].[PasswordHash], [a].[ProfilePicture], [a].[Role], [a].[Specialization], [a].[TokenExpiresAt], [a].[UpdatedAt], [a].[isActive]
      FROM [Accounts] AS [a]
      WHERE [a].[ApiToken] = @__token_0
info: Microsoft.EntityFrameworkCore.Database.Command[20101]
      Executed DbCommand (3ms) [Parameters=[@__requesterId_0='?' (DbType = Int32)], CommandType='Text', CommandTimeout='30']
      SELECT TOP(1) [a].[Id], [a].[Name], [a].[Email], [a].[Role], [a].[ProfilePicture]
      FROM [Accounts] AS [a]
      WHERE [a].[Id] = @__requesterId_0
info: Microsoft.EntityFrameworkCore.Database.Command[20101]
      Executed DbCommand (1ms) [Parameters=[@__token_0='?' (Size = 4000)], CommandType='Text', CommandTimeout='30']
      SELECT TOP(1) [a].[Id], [a].[ApiToken], [a].[CreatedAt], [a].[Email], [a].[Name], [a].[PasswordHash], [a].[ProfilePicture], [a].[Role], [a].[Specialization], [a].[TokenExpiresAt], [a].[UpdatedAt], [a].[isActive]
      FROM [Accounts] AS [a]
      WHERE [a].[ApiToken] = @__token_0
info: Microsoft.EntityFrameworkCore.Database.Command[20101]
      Executed DbCommand (3ms) [Parameters=[@__requesterId_0='?' (DbType = Int32)], CommandType='Text', CommandTimeout='30']
      SELECT COUNT(*)
      FROM [Notifications] AS [n]
      WHERE [n].[AccountId] = @__requesterId_0 AND [n].[IsRead] = CAST(0 AS bit)
info: Microsoft.EntityFrameworkCore.Database.Command[20101]
      Executed DbCommand (4ms) [Parameters=[@__token_0='?' (Size = 4000)], CommandType='Text', CommandTimeout='30']
      SELECT TOP(1) [a].[Id], [a].[ApiToken], [a].[CreatedAt], [a].[Email], [a].[Name], [a].[PasswordHash], [a].[ProfilePicture], [a].[Role], [a].[Specialization], [a].[TokenExpiresAt], [a].[UpdatedAt], [a].[isActive]
      FROM [Accounts] AS [a]
      WHERE [a].[ApiToken] = @__token_0
info: Microsoft.EntityFrameworkCore.Database.Command[20101]
      Executed DbCommand (3ms) [Parameters=[@__requesterId_0='?' (DbType = Int32)], CommandType='Text', CommandTimeout='30']
      SELECT TOP(1) [a].[Id], [a].[Name], [a].[Email], [a].[Role], [a].[ProfilePicture]
      FROM [Accounts] AS [a]
      WHERE [a].[Id] = @__requesterId_0
info: Microsoft.EntityFrameworkCore.Database.Command[20101]
      Executed DbCommand (1ms) [Parameters=[@__token_0='?' (Size = 4000)], CommandType='Text', CommandTimeout='30']
      SELECT TOP(1) [a].[Id], [a].[ApiToken], [a].[CreatedAt], [a].[Email], [a].[Name], [a].[PasswordHash], [a].[ProfilePicture], [a].[Role], [a].[Specialization], [a].[TokenExpiresAt], [a].[UpdatedAt], [a].[isActive]
      FROM [Accounts] AS [a]
      WHERE [a].[ApiToken] = @__token_0
info: Microsoft.EntityFrameworkCore.Database.Command[20101]
      Executed DbCommand (3ms) [Parameters=[@__requesterId_0='?' (DbType = Int32)], CommandType='Text', CommandTimeout='30']
      SELECT COUNT(*)
      FROM [Notifications] AS [n]
      WHERE [n].[AccountId] = @__requesterId_0 AND [n].[IsRead] = CAST(0 AS bit)
info: Microsoft.EntityFrameworkCore.Database.Command[20101]
      Executed DbCommand (1ms) [Parameters=[@__token_0='?' (Size = 4000)], CommandType='Text', CommandTimeout='30']
      SELECT TOP(1) [a].[Id], [a].[ApiToken], [a].[CreatedAt], [a].[Email], [a].[Name], [a].[PasswordHash], [a].[ProfilePicture], [a].[Role], [a].[Specialization], [a].[TokenExpiresAt], [a].[UpdatedAt], [a].[isActive]
      FROM [Accounts] AS [a]
      WHERE [a].[ApiToken] = @__token_0
info: Microsoft.EntityFrameworkCore.Database.Command[20101]
      Executed DbCommand (1ms) [Parameters=[@__requesterId_0='?' (DbType = Int32)], CommandType='Text', CommandTimeout='30']
      SELECT TOP(1) [a].[Id], [a].[Name], [a].[Email], [a].[Role], [a].[ProfilePicture]
      FROM [Accounts] AS [a]
      WHERE [a].[Id] = @__requesterId_0
info: Microsoft.EntityFrameworkCore.Database.Command[20101]
      Executed DbCommand (1ms) [Parameters=[@__token_0='?' (Size = 4000)], CommandType='Text', CommandTimeout='30']
      SELECT TOP(1) [a].[Id], [a].[ApiToken], [a].[CreatedAt], [a].[Email], [a].[Name], [a].[PasswordHash], [a].[ProfilePicture], [a].[Role], [a].[Specialization], [a].[TokenExpiresAt], [a].[UpdatedAt], [a].[isActive]
      FROM [Accounts] AS [a]
      WHERE [a].[ApiToken] = @__token_0
info: Microsoft.EntityFrameworkCore.Database.Command[20101]
      Executed DbCommand (1ms) [Parameters=[@__requesterId_0='?' (DbType = Int32)], CommandType='Text', CommandTimeout='30']
      SELECT COUNT(*)
      FROM [Notifications] AS [n]
      WHERE [n].[AccountId] = @__requesterId_0 AND [n].[IsRead] = CAST(0 AS bit)
info: Microsoft.EntityFrameworkCore.Database.Command[20101]
      Executed DbCommand (6ms) [Parameters=[@__token_0='?' (Size = 4000)], CommandType='Text', CommandTimeout='30']
      SELECT TOP(1) [a].[Id], [a].[ApiToken], [a].[CreatedAt], [a].[Email], [a].[Name], [a].[PasswordHash], [a].[ProfilePicture], [a].[Role], [a].[Specialization], [a].[TokenExpiresAt], [a].[UpdatedAt], [a].[isActive]
      FROM [Accounts] AS [a]
      WHERE [a].[ApiToken] = @__token_0
info: Microsoft.EntityFrameworkCore.Database.Command[20101]
      Executed DbCommand (3ms) [Parameters=[@__requesterId_0='?' (DbType = Int32)], CommandType='Text', CommandTimeout='30']
      SELECT TOP(1) [a].[Id], [a].[Name], [a].[Email], [a].[Role], [a].[ProfilePicture]
      FROM [Accounts] AS [a]
      WHERE [a].[Id] = @__requesterId_0
info: Microsoft.EntityFrameworkCore.Database.Command[20101]
      Executed DbCommand (2ms) [Parameters=[@__token_0='?' (Size = 4000)], CommandType='Text', CommandTimeout='30']
      SELECT TOP(1) [a].[Id], [a].[ApiToken], [a].[CreatedAt], [a].[Email], [a].[Name], [a].[PasswordHash], [a].[ProfilePicture], [a].[Role], [a].[Specialization], [a].[TokenExpiresAt], [a].[UpdatedAt], [a].[isActive]
      FROM [Accounts] AS [a]
      WHERE [a].[ApiToken] = @__token_0
info: Microsoft.EntityFrameworkCore.Database.Command[20101]
      Executed DbCommand (4ms) [Parameters=[@__requesterId_0='?' (DbType = Int32)], CommandType='Text', CommandTimeout='30']
      SELECT COUNT(*)
      FROM [Notifications] AS [n]
      WHERE [n].[AccountId] = @__requesterId_0 AND [n].[IsRead] = CAST(0 AS bit)
info: Hangfire.Server.BackgroundServerProcess[0]
      Server laptop-k696tcef:5912:42900211 caught stopping signal...
info: Microsoft.Hosting.Lifetime[0]
      Application is shutting down...
info: Hangfire.Server.BackgroundServerProcess[0]
      Server laptop-k696tcef:5912:42900211 All dispatchers stopped
info: Hangfire.Server.BackgroundServerProcess[0]
      Server laptop-k696tcef:5912:42900211 successfully reported itself as stopped in 7.2673 ms
info: Hangfire.Server.BackgroundServerProcess[0]
      Server laptop-k696tcef:5912:42900211 has been stopped in total 46.2324 ms
