info: Microsoft.EntityFrameworkCore.Database.Command[20101]
      Executed DbCommand (52ms) [Parameters=[], CommandType='Text', CommandTimeout='30']
      SELECT 1
info: Microsoft.EntityFrameworkCore.Database.Command[20101]
      Executed DbCommand (6ms) [Parameters=[], CommandType='Text', CommandTimeout='30']
      SELECT 1
info: Microsoft.EntityFrameworkCore.Migrations[20411]
      Acquiring an exclusive lock for migration application. See https://aka.ms/efcore-docs-migrations-lock for more information if this takes too long.
info: Microsoft.EntityFrameworkCore.Database.Command[20101]
      Executed DbCommand (107ms) [Parameters=[], CommandType='Text', CommandTimeout='30']
      DECLARE @result int;
      EXEC @result = sp_getapplock @Resource = '__EFMigrationsLock', @LockOwner = 'Session', @LockMode = 'Exclusive';
      SELECT @result
info: Microsoft.EntityFrameworkCore.Database.Command[20101]
      Executed DbCommand (27ms) [Parameters=[], CommandType='Text', CommandTimeout='30']
      IF OBJECT_ID(N'[__EFMigrationsHistory]') IS NULL
      BEGIN
          CREATE TABLE [__EFMigrationsHistory] (
              [MigrationId] nvarchar(150) NOT NULL,
              [ProductVersion] nvarchar(32) NOT NULL,
              CONSTRAINT [PK___EFMigrationsHistory] PRIMARY KEY ([MigrationId])
          );
      END;
info: Microsoft.EntityFrameworkCore.Database.Command[20101]
      Executed DbCommand (1ms) [Parameters=[], CommandType='Text', CommandTimeout='30']
      SELECT 1
info: Microsoft.EntityFrameworkCore.Database.Command[20101]
      Executed DbCommand (3ms) [Parameters=[], CommandType='Text', CommandTimeout='30']
      SELECT OBJECT_ID(N'[__EFMigrationsHistory]');
info: Microsoft.EntityFrameworkCore.Database.Command[20101]
      Executed DbCommand (238ms) [Parameters=[], CommandType='Text', CommandTimeout='30']
      SELECT [MigrationId], [ProductVersion]
      FROM [__EFMigrationsHistory]
      ORDER BY [MigrationId];
info: Microsoft.EntityFrameworkCore.Migrations[20405]
      No migrations were applied. The database is already up to date.
info: Microsoft.EntityFrameworkCore.Database.Command[20101]
      Executed DbCommand (8ms) [Parameters=[], CommandType='Text', CommandTimeout='30']
      DECLARE @result int;
      EXEC @result = sp_releaseapplock @Resource = '__EFMigrationsLock', @LockOwner = 'Session';
      SELECT @result
info: Program[0]
      Database migrated successfully.
info: Hangfire.SqlServer.SqlServerObjectsInstaller[0]
      Start installing Hangfire SQL objects...
info: Hangfire.SqlServer.SqlServerObjectsInstaller[0]
      Hangfire SQL objects installed.
warn: Microsoft.AspNetCore.StaticFiles.StaticFileMiddleware[16]
      The WebRootPath was not found: C:\inetpub\wwwroot\TaskManagementOdecci\wwwroot. Static files may be unavailable.
info: Hangfire.BackgroundJobServer[0]
      Starting Hangfire Server using job storage: 'SQL Server: localhost\SQLEXPRESS02@TaskManagementDb'
info: Hangfire.BackgroundJobServer[0]
      Using the following options for SQL Server job storage: Queue poll interval: 00:00:00.
info: Hangfire.BackgroundJobServer[0]
      Using the following options for Hangfire Server:
          Worker count: 20
          Listening queues: 'default'
          Shutdown timeout: 00:00:15
          Schedule polling interval: 00:00:15
info: Microsoft.Hosting.Lifetime[0]
      Application started. Press Ctrl+C to shut down.
info: Microsoft.Hosting.Lifetime[0]
      Hosting environment: Production
info: Microsoft.Hosting.Lifetime[0]
      Content root path: C:\inetpub\wwwroot\TaskManagementOdecci
info: Hangfire.Server.BackgroundServerProcess[0]
      Server laptop-k696tcef:12168:9176bc1a successfully announced in 68.8951 ms
info: Hangfire.Server.BackgroundServerProcess[0]
      Server laptop-k696tcef:12168:9176bc1a is starting the registered dispatchers: ServerWatchdog, ServerJobCancellationWatcher, SqlServerHeartbeatProcess, ExpirationManager, CountersAggregator, Worker, DelayedJobScheduler, RecurringJobScheduler...
info: Hangfire.Server.BackgroundServerProcess[0]
      Server laptop-k696tcef:12168:9176bc1a all the dispatchers started
info: Microsoft.EntityFrameworkCore.Database.Command[20101]
      Executed DbCommand (49ms) [Parameters=[@__now_0='?' (DbType = DateTime2), @__warningWindow_1='?' (DbType = DateTime2)], CommandType='Text', CommandTimeout='30']
      SELECT [t].[Id], [t].[Title], [t].[DueDate], [p].[Name], [p].[Id], [s].[AccountId], [s].[Name], [s].[Email], [s].[Id], [s].[Id0]
      FROM [Tasks] AS [t]
      INNER JOIN [Projects] AS [p] ON [t].[ProjectId] = [p].[Id]
      LEFT JOIN (
          SELECT [t0].[AccountId], [a].[Name], [a].[Email], [t0].[Id], [a].[Id] AS [Id0], [t0].[TaskId]
          FROM [TaskAssignments] AS [t0]
          INNER JOIN [Accounts] AS [a] ON [t0].[AccountId] = [a].[Id]
          WHERE [t0].[IsDeleted] = CAST(0 AS bit)
      ) AS [s] ON [t].[Id] = [s].[TaskId]
      WHERE [t].[IsDeleted] = CAST(0 AS bit) AND [t].[DueDate] IS NOT NULL AND [t].[DueDate] > @__now_0 AND [t].[DueDate] <= @__warningWindow_1 AND [t].[StatusId] <> 4 AND [t].[IsWarningEmailSent] = CAST(0 AS bit)
      ORDER BY [t].[Id], [p].[Id], [s].[Id]
info: Hangfire.Server.BackgroundServerProcess[0]
      Server laptop-k696tcef:12168:9176bc1a caught stopping signal...
info: Microsoft.Hosting.Lifetime[0]
      Application is shutting down...
info: Hangfire.Server.BackgroundServerProcess[0]
      Server laptop-k696tcef:12168:9176bc1a All dispatchers stopped
info: Hangfire.Server.BackgroundServerProcess[0]
      Server laptop-k696tcef:12168:9176bc1a successfully reported itself as stopped in 42.4803 ms
info: Hangfire.Server.BackgroundServerProcess[0]
      Server laptop-k696tcef:12168:9176bc1a has been stopped in total 261.8311 ms
