info: Microsoft.EntityFrameworkCore.Database.Command[20101]
      Executed DbCommand (36ms) [Parameters=[], CommandType='Text', CommandTimeout='30']
      SELECT 1
info: Microsoft.EntityFrameworkCore.Database.Command[20101]
      Executed DbCommand (3ms) [Parameters=[], CommandType='Text', CommandTimeout='30']
      SELECT 1
info: Microsoft.EntityFrameworkCore.Migrations[20411]
      Acquiring an exclusive lock for migration application. See https://aka.ms/efcore-docs-migrations-lock for more information if this takes too long.
info: Microsoft.EntityFrameworkCore.Database.Command[20101]
      Executed DbCommand (34ms) [Parameters=[], CommandType='Text', CommandTimeout='30']
      DECLARE @result int;
      EXEC @result = sp_getapplock @Resource = '__EFMigrationsLock', @LockOwner = 'Session', @LockMode = 'Exclusive';
      SELECT @result
info: Microsoft.EntityFrameworkCore.Database.Command[20101]
      Executed DbCommand (16ms) [Parameters=[], CommandType='Text', CommandTimeout='30']
      IF OBJECT_ID(N'[__EFMigrationsHistory]') IS NULL
      BEGIN
          CREATE TABLE [__EFMigrationsHistory] (
              [MigrationId] nvarchar(150) NOT NULL,
              [ProductVersion] nvarchar(32) NOT NULL,
              CONSTRAINT [PK___EFMigrationsHistory] PRIMARY KEY ([MigrationId])
          );
      END;
info: Microsoft.EntityFrameworkCore.Database.Command[20101]
      Executed DbCommand (1ms) [Parameters=[], CommandType='Text', CommandTimeout='30']
      SELECT 1
info: Microsoft.EntityFrameworkCore.Database.Command[20101]
      Executed DbCommand (1ms) [Parameters=[], CommandType='Text', CommandTimeout='30']
      SELECT OBJECT_ID(N'[__EFMigrationsHistory]');
info: Microsoft.EntityFrameworkCore.Database.Command[20101]
      Executed DbCommand (13ms) [Parameters=[], CommandType='Text', CommandTimeout='30']
      SELECT [MigrationId], [ProductVersion]
      FROM [__EFMigrationsHistory]
      ORDER BY [MigrationId];
info: Microsoft.EntityFrameworkCore.Migrations[20405]
      No migrations were applied. The database is already up to date.
info: Microsoft.EntityFrameworkCore.Database.Command[20101]
      Executed DbCommand (4ms) [Parameters=[], CommandType='Text', CommandTimeout='30']
      DECLARE @result int;
      EXEC @result = sp_releaseapplock @Resource = '__EFMigrationsLock', @LockOwner = 'Session';
      SELECT @result
info: Program[0]
      Database migrated successfully.
info: Hangfire.SqlServer.SqlServerObjectsInstaller[0]
      Start installing Hangfire SQL objects...
info: Hangfire.SqlServer.SqlServerObjectsInstaller[0]
      Hangfire SQL objects installed.
warn: Microsoft.AspNetCore.StaticFiles.StaticFileMiddleware[16]
      The WebRootPath was not found: C:\inetpub\wwwroot\TaskManagementOdecci\wwwroot. Static files may be unavailable.
info: Hangfire.BackgroundJobServer[0]
      Starting Hangfire Server using job storage: 'SQL Server: localhost\SQLEXPRESS02@TaskManagementDb'
info: Hangfire.BackgroundJobServer[0]
      Using the following options for SQL Server job storage: Queue poll interval: 00:00:00.
info: Hangfire.BackgroundJobServer[0]
      Using the following options for Hangfire Server:
          Worker count: 20
          Listening queues: 'default'
          Shutdown timeout: 00:00:15
          Schedule polling interval: 00:00:15
info: Microsoft.Hosting.Lifetime[0]
      Application started. Press Ctrl+C to shut down.
info: Microsoft.Hosting.Lifetime[0]
      Hosting environment: Production
info: Microsoft.Hosting.Lifetime[0]
      Content root path: C:\inetpub\wwwroot\TaskManagementOdecci
info: Hangfire.Server.BackgroundServerProcess[0]
      Server laptop-k696tcef:12488:2df67a1e successfully announced in 35.2856 ms
info: Hangfire.Server.BackgroundServerProcess[0]
      Server laptop-k696tcef:12488:2df67a1e is starting the registered dispatchers: ServerWatchdog, ServerJobCancellationWatcher, SqlServerHeartbeatProcess, ExpirationManager, CountersAggregator, Worker, DelayedJobScheduler, RecurringJobScheduler...
info: Hangfire.Server.BackgroundServerProcess[0]
      Server laptop-k696tcef:12488:2df67a1e all the dispatchers started
warn: Microsoft.AspNetCore.HttpsPolicy.HttpsRedirectionMiddleware[3]
      Failed to determine the https port for redirect.
info: Microsoft.EntityFrameworkCore.Database.Command[20101]
      Executed DbCommand (22ms) [Parameters=[@__token_0='?' (Size = 4000)], CommandType='Text', CommandTimeout='30']
      SELECT TOP(1) [a].[Id], [a].[ApiToken], [a].[CreatedAt], [a].[Email], [a].[Name], [a].[PasswordHash], [a].[ProfilePicture], [a].[Role], [a].[Specialization], [a].[TokenExpiresAt], [a].[UpdatedAt], [a].[isActive]
      FROM [Accounts] AS [a]
      WHERE [a].[ApiToken] = @__token_0
info: Microsoft.EntityFrameworkCore.Database.Command[20101]
      Executed DbCommand (1ms) [Parameters=[@__token_0='?' (Size = 4000)], CommandType='Text', CommandTimeout='30']
      SELECT TOP(1) [a].[Id], [a].[ApiToken], [a].[CreatedAt], [a].[Email], [a].[Name], [a].[PasswordHash], [a].[ProfilePicture], [a].[Role], [a].[Specialization], [a].[TokenExpiresAt], [a].[UpdatedAt], [a].[isActive]
      FROM [Accounts] AS [a]
      WHERE [a].[ApiToken] = @__token_0
info: Microsoft.EntityFrameworkCore.Database.Command[20101]
      Executed DbCommand (4ms) [Parameters=[@__requesterId_0='?' (DbType = Int32)], CommandType='Text', CommandTimeout='30']
      SELECT COUNT(*)
      FROM [Notifications] AS [n]
      WHERE [n].[AccountId] = @__requesterId_0 AND [n].[IsRead] = CAST(0 AS bit)
info: Microsoft.EntityFrameworkCore.Database.Command[20101]
      Executed DbCommand (4ms) [Parameters=[@__requesterId_0='?' (DbType = Int32), @__p_1='?' (DbType = Int32), @__p_2='?' (DbType = Int32)], CommandType='Text', CommandTimeout='30']
      SELECT [n].[Id], [n].[AccountId], [n].[ProjectId], [n].[TaskId], [n].[Message], [n].[IsRead], [n].[CreatedAt]
      FROM [Notifications] AS [n]
      WHERE [n].[AccountId] = @__requesterId_0 AND [n].[IsRead] = CAST(0 AS bit)
      ORDER BY [n].[CreatedAt] DESC, [n].[Id] DESC
      OFFSET @__p_1 ROWS FETCH NEXT @__p_2 ROWS ONLY
info: Microsoft.EntityFrameworkCore.Database.Command[20101]
      Executed DbCommand (3ms) [Parameters=[@__token_0='?' (Size = 4000)], CommandType='Text', CommandTimeout='30']
      SELECT TOP(1) [a].[Id], [a].[ApiToken], [a].[CreatedAt], [a].[Email], [a].[Name], [a].[PasswordHash], [a].[ProfilePicture], [a].[Role], [a].[Specialization], [a].[TokenExpiresAt], [a].[UpdatedAt], [a].[isActive]
      FROM [Accounts] AS [a]
      WHERE [a].[ApiToken] = @__token_0
info: Microsoft.EntityFrameworkCore.Database.Command[20101]
      Executed DbCommand (1ms) [Parameters=[@__token_0='?' (Size = 4000)], CommandType='Text', CommandTimeout='30']
      SELECT TOP(1) [a].[Id], [a].[ApiToken], [a].[CreatedAt], [a].[Email], [a].[Name], [a].[PasswordHash], [a].[ProfilePicture], [a].[Role], [a].[Specialization], [a].[TokenExpiresAt], [a].[UpdatedAt], [a].[isActive]
      FROM [Accounts] AS [a]
      WHERE [a].[ApiToken] = @__token_0
info: Microsoft.EntityFrameworkCore.Database.Command[20101]
      Executed DbCommand (4ms) [Parameters=[@__requesterId_0='?' (DbType = Int32)], CommandType='Text', CommandTimeout='30']
      SELECT COUNT(*)
      FROM [Notifications] AS [n]
      WHERE [n].[AccountId] = @__requesterId_0 AND [n].[IsRead] = CAST(0 AS bit)
info: Microsoft.EntityFrameworkCore.Database.Command[20101]
      Executed DbCommand (5ms) [Parameters=[@__requesterId_0='?' (DbType = Int32), @__p_1='?' (DbType = Int32), @__p_2='?' (DbType = Int32)], CommandType='Text', CommandTimeout='30']
      SELECT [n].[Id], [n].[AccountId], [n].[ProjectId], [n].[TaskId], [n].[Message], [n].[IsRead], [n].[CreatedAt]
      FROM [Notifications] AS [n]
      WHERE [n].[AccountId] = @__requesterId_0 AND [n].[IsRead] = CAST(0 AS bit)
      ORDER BY [n].[CreatedAt] DESC, [n].[Id] DESC
      OFFSET @__p_1 ROWS FETCH NEXT @__p_2 ROWS ONLY
info: Microsoft.EntityFrameworkCore.Database.Command[20101]
      Executed DbCommand (4ms) [Parameters=[@__token_0='?' (Size = 4000)], CommandType='Text', CommandTimeout='30']
      SELECT TOP(1) [a].[Id], [a].[ApiToken], [a].[CreatedAt], [a].[Email], [a].[Name], [a].[PasswordHash], [a].[ProfilePicture], [a].[Role], [a].[Specialization], [a].[TokenExpiresAt], [a].[UpdatedAt], [a].[isActive]
      FROM [Accounts] AS [a]
      WHERE [a].[ApiToken] = @__token_0
info: Microsoft.EntityFrameworkCore.Database.Command[20101]
      Executed DbCommand (1ms) [Parameters=[@__token_0='?' (Size = 4000)], CommandType='Text', CommandTimeout='30']
      SELECT TOP(1) [a].[Id], [a].[ApiToken], [a].[CreatedAt], [a].[Email], [a].[Name], [a].[PasswordHash], [a].[ProfilePicture], [a].[Role], [a].[Specialization], [a].[TokenExpiresAt], [a].[UpdatedAt], [a].[isActive]
      FROM [Accounts] AS [a]
      WHERE [a].[ApiToken] = @__token_0
info: Microsoft.EntityFrameworkCore.Database.Command[20101]
      Executed DbCommand (6ms) [Parameters=[@__requesterId_0='?' (DbType = Int32)], CommandType='Text', CommandTimeout='30']
      SELECT COUNT(*)
      FROM [Notifications] AS [n]
      WHERE [n].[AccountId] = @__requesterId_0 AND [n].[IsRead] = CAST(0 AS bit)
info: Microsoft.EntityFrameworkCore.Database.Command[20101]
      Executed DbCommand (6ms) [Parameters=[@__requesterId_0='?' (DbType = Int32), @__p_1='?' (DbType = Int32), @__p_2='?' (DbType = Int32)], CommandType='Text', CommandTimeout='30']
      SELECT [n].[Id], [n].[AccountId], [n].[ProjectId], [n].[TaskId], [n].[Message], [n].[IsRead], [n].[CreatedAt]
      FROM [Notifications] AS [n]
      WHERE [n].[AccountId] = @__requesterId_0 AND [n].[IsRead] = CAST(0 AS bit)
      ORDER BY [n].[CreatedAt] DESC, [n].[Id] DESC
      OFFSET @__p_1 ROWS FETCH NEXT @__p_2 ROWS ONLY
info: Microsoft.EntityFrameworkCore.Database.Command[20101]
      Executed DbCommand (6ms) [Parameters=[@__token_0='?' (Size = 4000)], CommandType='Text', CommandTimeout='30']
      SELECT TOP(1) [a].[Id], [a].[ApiToken], [a].[CreatedAt], [a].[Email], [a].[Name], [a].[PasswordHash], [a].[ProfilePicture], [a].[Role], [a].[Specialization], [a].[TokenExpiresAt], [a].[UpdatedAt], [a].[isActive]
      FROM [Accounts] AS [a]
      WHERE [a].[ApiToken] = @__token_0
info: Microsoft.EntityFrameworkCore.Database.Command[20101]
      Executed DbCommand (1ms) [Parameters=[@__token_0='?' (Size = 4000)], CommandType='Text', CommandTimeout='30']
      SELECT TOP(1) [a].[Id], [a].[ApiToken], [a].[CreatedAt], [a].[Email], [a].[Name], [a].[PasswordHash], [a].[ProfilePicture], [a].[Role], [a].[Specialization], [a].[TokenExpiresAt], [a].[UpdatedAt], [a].[isActive]
      FROM [Accounts] AS [a]
      WHERE [a].[ApiToken] = @__token_0
info: Microsoft.EntityFrameworkCore.Database.Command[20101]
      Executed DbCommand (7ms) [Parameters=[@__requesterId_0='?' (DbType = Int32)], CommandType='Text', CommandTimeout='30']
      SELECT COUNT(*)
      FROM [Notifications] AS [n]
      WHERE [n].[AccountId] = @__requesterId_0 AND [n].[IsRead] = CAST(0 AS bit)
info: Microsoft.EntityFrameworkCore.Database.Command[20101]
      Executed DbCommand (6ms) [Parameters=[@__requesterId_0='?' (DbType = Int32), @__p_1='?' (DbType = Int32), @__p_2='?' (DbType = Int32)], CommandType='Text', CommandTimeout='30']
      SELECT [n].[Id], [n].[AccountId], [n].[ProjectId], [n].[TaskId], [n].[Message], [n].[IsRead], [n].[CreatedAt]
      FROM [Notifications] AS [n]
      WHERE [n].[AccountId] = @__requesterId_0 AND [n].[IsRead] = CAST(0 AS bit)
      ORDER BY [n].[CreatedAt] DESC, [n].[Id] DESC
      OFFSET @__p_1 ROWS FETCH NEXT @__p_2 ROWS ONLY
info: Hangfire.Server.BackgroundServerProcess[0]
      Server laptop-k696tcef:12488:2df67a1e caught stopping signal...
info: Microsoft.Hosting.Lifetime[0]
      Application is shutting down...
info: Hangfire.Server.BackgroundServerProcess[0]
      Server laptop-k696tcef:12488:2df67a1e caught stopped signal...
info: Hangfire.Server.BackgroundServerProcess[0]
      Server laptop-k696tcef:12488:2df67a1e All dispatchers stopped
info: Hangfire.Server.BackgroundServerProcess[0]
      Server laptop-k696tcef:12488:2df67a1e successfully reported itself as stopped in 6.456 ms
info: Hangfire.Server.BackgroundServerProcess[0]
      Server laptop-k696tcef:12488:2df67a1e has been stopped in total 725.7401 ms
